<?xml version="1.0" encoding="UTF-8"?>
<!-- Generated by org.testng.reporters.JUnitReportReporter -->
<testsuite skipped="0" hostname="DESKTOP-0PJNRCB" name="com.automationpractice.testcases.CreateNewAccountPageTest" tests="1" failures="0" timestamp="25 Apr 2019 18:36:48 GMT" time="37.870" errors="0">
  <testcase name="newUserSignupTest" time="37.870" classname="com.automationpractice.testcases.CreateNewAccountPageTest"/>
</testsuite> <!-- com.automationpractice.testcases.CreateNewAccountPageTest -->
