<?xml version="1.0" encoding="UTF-8"?>
<!-- Generated by org.testng.reporters.JUnitReportReporter -->
<testsuite skipped="0" hostname="DESKTOP-0PJNRCB" name="com.automationpractice.testcases.HomeAccountPageTest" tests="1" failures="0" timestamp="24 Apr 2019 03:03:02 GMT" time="14.123" errors="0">
  <testcase name="HomeAccountTitleTest" time="14.123" classname="com.automationpractice.testcases.HomeAccountPageTest"/>
</testsuite> <!-- com.automationpractice.testcases.HomeAccountPageTest -->
