<?xml version="1.0" encoding="UTF-8"?>
<!-- Generated by org.testng.reporters.JUnitReportReporter -->
<testsuite skipped="0" hostname="DESKTOP-0PJNRCB" name="com.automationpractice.testcases.HomeAccountPageTest" tests="1" failures="0" timestamp="25 Apr 2019 18:36:48 GMT" time="19.513" errors="0">
  <testcase name="HomeAccountTitleTest" time="19.513" classname="com.automationpractice.testcases.HomeAccountPageTest"/>
</testsuite> <!-- com.automationpractice.testcases.HomeAccountPageTest -->
